[0.005s] Invoking command in '/home/feng/franka_simulation/src/build/moveit_resources_panda_description': CMAKE_PREFIX_PATH=${CMAKE_PREFIX_PATH}:/opt/ros/humble /usr/bin/cmake /home/feng/franka_simulation/src/panda_description -DCMAKE_INSTALL_PREFIX=/home/feng/franka_simulation/src/install/moveit_resources_panda_description
[0.040s] -- The C compiler identification is GNU 11.4.0
[0.077s] -- The CXX compiler identification is GNU 11.4.0
[0.081s] -- Detecting C compiler ABI info
[0.124s] -- Detecting C compiler ABI info - done
[0.128s] -- Check for working C compiler: /usr/bin/cc - skipped
[0.128s] -- Detecting C compile features
[0.128s] -- Detecting C compile features - done
[0.130s] -- Detecting CXX compiler ABI info
[0.177s] -- Detecting CXX compiler ABI info - done
[0.180s] -- Check for working CXX compiler: /usr/bin/c++ - skipped
[0.180s] -- Detecting CXX compile features
[0.181s] -- Detecting CXX compile features - done
[0.182s] -- Found ament_cmake: 1.3.12 (/opt/ros/humble/share/ament_cmake/cmake)
[0.265s] -- Found Python3: /usr/bin/python3 (found version "3.10.12") found components: Interpreter 
[0.349s] -- Configuring done
[0.350s] -- Generating done
[0.351s] -- Build files have been written to: /home/feng/franka_simulation/src/build/moveit_resources_panda_description
[0.354s] Invoked command in '/home/feng/franka_simulation/src/build/moveit_resources_panda_description' returned '0': CMAKE_PREFIX_PATH=${CMAKE_PREFIX_PATH}:/opt/ros/humble /usr/bin/cmake /home/feng/franka_simulation/src/panda_description -DCMAKE_INSTALL_PREFIX=/home/feng/franka_simulation/src/install/moveit_resources_panda_description
[0.356s] Invoking command in '/home/feng/franka_simulation/src/build/moveit_resources_panda_description': CMAKE_PREFIX_PATH=${CMAKE_PREFIX_PATH}:/opt/ros/humble /usr/bin/cmake --build /home/feng/franka_simulation/src/build/moveit_resources_panda_description -- -j32 -l32
[0.379s] Invoked command in '/home/feng/franka_simulation/src/build/moveit_resources_panda_description' returned '0': CMAKE_PREFIX_PATH=${CMAKE_PREFIX_PATH}:/opt/ros/humble /usr/bin/cmake --build /home/feng/franka_simulation/src/build/moveit_resources_panda_description -- -j32 -l32
[0.386s] Invoking command in '/home/feng/franka_simulation/src/build/moveit_resources_panda_description': CMAKE_PREFIX_PATH=${CMAKE_PREFIX_PATH}:/opt/ros/humble /usr/bin/cmake --install /home/feng/franka_simulation/src/build/moveit_resources_panda_description
[0.389s] -- Install configuration: ""
[0.390s] -- Installing: /home/feng/franka_simulation/src/install/moveit_resources_panda_description/share/ament_index/resource_index/package_run_dependencies/moveit_resources_panda_description
[0.390s] -- Installing: /home/feng/franka_simulation/src/install/moveit_resources_panda_description/share/ament_index/resource_index/parent_prefix_path/moveit_resources_panda_description
[0.390s] -- Installing: /home/feng/franka_simulation/src/install/moveit_resources_panda_description/share/moveit_resources_panda_description/environment/ament_prefix_path.sh
[0.390s] -- Installing: /home/feng/franka_simulation/src/install/moveit_resources_panda_description/share/moveit_resources_panda_description/environment/ament_prefix_path.dsv
[0.390s] -- Installing: /home/feng/franka_simulation/src/install/moveit_resources_panda_description/share/moveit_resources_panda_description/environment/path.sh
[0.390s] -- Installing: /home/feng/franka_simulation/src/install/moveit_resources_panda_description/share/moveit_resources_panda_description/environment/path.dsv
[0.390s] -- Installing: /home/feng/franka_simulation/src/install/moveit_resources_panda_description/share/moveit_resources_panda_description/local_setup.bash
[0.390s] -- Installing: /home/feng/franka_simulation/src/install/moveit_resources_panda_description/share/moveit_resources_panda_description/local_setup.sh
[0.390s] -- Installing: /home/feng/franka_simulation/src/install/moveit_resources_panda_description/share/moveit_resources_panda_description/local_setup.zsh
[0.390s] -- Installing: /home/feng/franka_simulation/src/install/moveit_resources_panda_description/share/moveit_resources_panda_description/local_setup.dsv
[0.390s] -- Installing: /home/feng/franka_simulation/src/install/moveit_resources_panda_description/share/moveit_resources_panda_description/package.dsv
[0.390s] -- Installing: /home/feng/franka_simulation/src/install/moveit_resources_panda_description/share/ament_index/resource_index/packages/moveit_resources_panda_description
[0.390s] -- Installing: /home/feng/franka_simulation/src/install/moveit_resources_panda_description/share/moveit_resources_panda_description/cmake/moveit_resources_panda_descriptionConfig.cmake
[0.390s] -- Installing: /home/feng/franka_simulation/src/install/moveit_resources_panda_description/share/moveit_resources_panda_description/cmake/moveit_resources_panda_descriptionConfig-version.cmake
[0.390s] -- Installing: /home/feng/franka_simulation/src/install/moveit_resources_panda_description/share/moveit_resources_panda_description/package.xml
[0.390s] -- Installing: /home/feng/franka_simulation/src/install/moveit_resources_panda_description/share/moveit_resources_panda_description/meshes
[0.390s] -- Installing: /home/feng/franka_simulation/src/install/moveit_resources_panda_description/share/moveit_resources_panda_description/meshes/visual
[0.390s] -- Installing: /home/feng/franka_simulation/src/install/moveit_resources_panda_description/share/moveit_resources_panda_description/meshes/visual/link3.dae
[0.390s] -- Installing: /home/feng/franka_simulation/src/install/moveit_resources_panda_description/share/moveit_resources_panda_description/meshes/visual/link4.dae
[0.391s] -- Installing: /home/feng/franka_simulation/src/install/moveit_resources_panda_description/share/moveit_resources_panda_description/meshes/visual/link6.dae
[0.392s] -- Installing: /home/feng/franka_simulation/src/install/moveit_resources_panda_description/share/moveit_resources_panda_description/meshes/visual/finger.dae
[0.392s] -- Installing: /home/feng/franka_simulation/src/install/moveit_resources_panda_description/share/moveit_resources_panda_description/meshes/visual/link5.dae
[0.392s] -- Installing: /home/feng/franka_simulation/src/install/moveit_resources_panda_description/share/moveit_resources_panda_description/meshes/visual/link0.dae
[0.393s] -- Installing: /home/feng/franka_simulation/src/install/moveit_resources_panda_description/share/moveit_resources_panda_description/meshes/visual/link2.dae
[0.394s] -- Installing: /home/feng/franka_simulation/src/install/moveit_resources_panda_description/share/moveit_resources_panda_description/meshes/visual/link1.dae
[0.394s] -- Installing: /home/feng/franka_simulation/src/install/moveit_resources_panda_description/share/moveit_resources_panda_description/meshes/visual/link7.dae
[0.394s] -- Installing: /home/feng/franka_simulation/src/install/moveit_resources_panda_description/share/moveit_resources_panda_description/meshes/visual/hand.dae
[0.395s] -- Installing: /home/feng/franka_simulation/src/install/moveit_resources_panda_description/share/moveit_resources_panda_description/meshes/collision
[0.395s] -- Installing: /home/feng/franka_simulation/src/install/moveit_resources_panda_description/share/moveit_resources_panda_description/meshes/collision/link6.stl
[0.395s] -- Installing: /home/feng/franka_simulation/src/install/moveit_resources_panda_description/share/moveit_resources_panda_description/meshes/collision/link0.stl
[0.395s] -- Installing: /home/feng/franka_simulation/src/install/moveit_resources_panda_description/share/moveit_resources_panda_description/meshes/collision/hand.stl
[0.395s] -- Installing: /home/feng/franka_simulation/src/install/moveit_resources_panda_description/share/moveit_resources_panda_description/meshes/collision/link2.stl
[0.395s] -- Installing: /home/feng/franka_simulation/src/install/moveit_resources_panda_description/share/moveit_resources_panda_description/meshes/collision/link5.stl
[0.395s] -- Installing: /home/feng/franka_simulation/src/install/moveit_resources_panda_description/share/moveit_resources_panda_description/meshes/collision/finger.stl
[0.395s] -- Installing: /home/feng/franka_simulation/src/install/moveit_resources_panda_description/share/moveit_resources_panda_description/meshes/collision/link7.stl
[0.395s] -- Installing: /home/feng/franka_simulation/src/install/moveit_resources_panda_description/share/moveit_resources_panda_description/meshes/collision/link1.stl
[0.395s] -- Installing: /home/feng/franka_simulation/src/install/moveit_resources_panda_description/share/moveit_resources_panda_description/meshes/collision/link3.stl
[0.395s] -- Installing: /home/feng/franka_simulation/src/install/moveit_resources_panda_description/share/moveit_resources_panda_description/meshes/collision/link4.stl
[0.395s] -- Installing: /home/feng/franka_simulation/src/install/moveit_resources_panda_description/share/moveit_resources_panda_description/urdf
[0.395s] -- Installing: /home/feng/franka_simulation/src/install/moveit_resources_panda_description/share/moveit_resources_panda_description/urdf/panda.urdf
[0.395s] -- Installing: /home/feng/franka_simulation/src/install/moveit_resources_panda_description/share/moveit_resources_panda_description/urdf/panda.urdf.xacro
[0.397s] Invoked command in '/home/feng/franka_simulation/src/build/moveit_resources_panda_description' returned '0': CMAKE_PREFIX_PATH=${CMAKE_PREFIX_PATH}:/opt/ros/humble /usr/bin/cmake --install /home/feng/franka_simulation/src/build/moveit_resources_panda_description
