[0.005s] Invoking command in '/home/feng/franka_simulation/src/build/panda_moveit_config': CMAKE_PREFIX_PATH=${CMAKE_PREFIX_PATH}:/opt/ros/humble /usr/bin/cmake /home/feng/franka_simulation/src/panda_moveit_config -DCMAKE_INSTALL_PREFIX=/home/feng/franka_simulation/src/install/panda_moveit_config
[0.040s] -- The C compiler identification is GNU 11.4.0
[0.070s] -- The CXX compiler identification is GNU 11.4.0
[0.074s] -- Detecting C compiler ABI info
[0.118s] -- Detecting C compiler ABI info - done
[0.121s] -- Check for working C compiler: /usr/bin/cc - skipped
[0.121s] -- Detecting C compile features
[0.121s] -- Detecting C compile features - done
[0.123s] -- Detecting CXX compiler ABI info
[0.176s] -- Detecting CXX compiler ABI info - done
[0.180s] -- Check for working CXX compiler: /usr/bin/c++ - skipped
[0.180s] -- Detecting CXX compile features
[0.180s] -- Detecting CXX compile features - done
[0.181s] -- Found ament_cmake: 1.3.12 (/opt/ros/humble/share/ament_cmake/cmake)
[0.264s] -- Found Python3: /usr/bin/python3 (found version "3.10.12") found components: Interpreter 
[0.343s] -- Configuring done
[0.345s] -- Generating done
[0.346s] -- Build files have been written to: /home/feng/franka_simulation/src/build/panda_moveit_config
[0.350s] Invoked command in '/home/feng/franka_simulation/src/build/panda_moveit_config' returned '0': CMAKE_PREFIX_PATH=${CMAKE_PREFIX_PATH}:/opt/ros/humble /usr/bin/cmake /home/feng/franka_simulation/src/panda_moveit_config -DCMAKE_INSTALL_PREFIX=/home/feng/franka_simulation/src/install/panda_moveit_config
[0.350s] Invoking command in '/home/feng/franka_simulation/src/build/panda_moveit_config': CMAKE_PREFIX_PATH=${CMAKE_PREFIX_PATH}:/opt/ros/humble /usr/bin/cmake --build /home/feng/franka_simulation/src/build/panda_moveit_config -- -j32 -l32
[0.372s] Invoked command in '/home/feng/franka_simulation/src/build/panda_moveit_config' returned '0': CMAKE_PREFIX_PATH=${CMAKE_PREFIX_PATH}:/opt/ros/humble /usr/bin/cmake --build /home/feng/franka_simulation/src/build/panda_moveit_config -- -j32 -l32
[0.373s] Invoking command in '/home/feng/franka_simulation/src/build/panda_moveit_config': CMAKE_PREFIX_PATH=${CMAKE_PREFIX_PATH}:/opt/ros/humble /usr/bin/cmake --install /home/feng/franka_simulation/src/build/panda_moveit_config
[0.379s] -- Install configuration: ""
[0.379s] -- Installing: /home/feng/franka_simulation/src/install/panda_moveit_config/share/ament_index/resource_index/package_run_dependencies/panda_moveit_config
[0.379s] -- Installing: /home/feng/franka_simulation/src/install/panda_moveit_config/share/ament_index/resource_index/parent_prefix_path/panda_moveit_config
[0.379s] -- Installing: /home/feng/franka_simulation/src/install/panda_moveit_config/share/panda_moveit_config/environment/ament_prefix_path.sh
[0.379s] -- Installing: /home/feng/franka_simulation/src/install/panda_moveit_config/share/panda_moveit_config/environment/ament_prefix_path.dsv
[0.379s] -- Installing: /home/feng/franka_simulation/src/install/panda_moveit_config/share/panda_moveit_config/environment/path.sh
[0.379s] -- Installing: /home/feng/franka_simulation/src/install/panda_moveit_config/share/panda_moveit_config/environment/path.dsv
[0.379s] -- Installing: /home/feng/franka_simulation/src/install/panda_moveit_config/share/panda_moveit_config/local_setup.bash
[0.379s] -- Installing: /home/feng/franka_simulation/src/install/panda_moveit_config/share/panda_moveit_config/local_setup.sh
[0.379s] -- Installing: /home/feng/franka_simulation/src/install/panda_moveit_config/share/panda_moveit_config/local_setup.zsh
[0.379s] -- Installing: /home/feng/franka_simulation/src/install/panda_moveit_config/share/panda_moveit_config/local_setup.dsv
[0.379s] -- Installing: /home/feng/franka_simulation/src/install/panda_moveit_config/share/panda_moveit_config/package.dsv
[0.380s] -- Installing: /home/feng/franka_simulation/src/install/panda_moveit_config/share/ament_index/resource_index/packages/panda_moveit_config
[0.380s] -- Installing: /home/feng/franka_simulation/src/install/panda_moveit_config/share/panda_moveit_config/cmake/panda_moveit_configConfig.cmake
[0.380s] -- Installing: /home/feng/franka_simulation/src/install/panda_moveit_config/share/panda_moveit_config/cmake/panda_moveit_configConfig-version.cmake
[0.380s] -- Installing: /home/feng/franka_simulation/src/install/panda_moveit_config/share/panda_moveit_config/package.xml
[0.380s] -- Installing: /home/feng/franka_simulation/src/install/panda_moveit_config/share/panda_moveit_config/launch
[0.380s] -- Installing: /home/feng/franka_simulation/src/install/panda_moveit_config/share/panda_moveit_config/launch/static_virtual_joint_tfs.launch.py
[0.380s] -- Installing: /home/feng/franka_simulation/src/install/panda_moveit_config/share/panda_moveit_config/launch/rsp.launch.py
[0.380s] -- Installing: /home/feng/franka_simulation/src/install/panda_moveit_config/share/panda_moveit_config/launch/moveit_rviz.launch.py
[0.380s] -- Installing: /home/feng/franka_simulation/src/install/panda_moveit_config/share/panda_moveit_config/launch/spawn_controllers.launch.py
[0.380s] -- Installing: /home/feng/franka_simulation/src/install/panda_moveit_config/share/panda_moveit_config/launch/setup_assistant.launch.py
[0.380s] -- Installing: /home/feng/franka_simulation/src/install/panda_moveit_config/share/panda_moveit_config/launch/move_group.launch.py
[0.380s] -- Installing: /home/feng/franka_simulation/src/install/panda_moveit_config/share/panda_moveit_config/launch/demo.launch.py
[0.380s] -- Installing: /home/feng/franka_simulation/src/install/panda_moveit_config/share/panda_moveit_config/launch/warehouse_db.launch.py
[0.380s] -- Installing: /home/feng/franka_simulation/src/install/panda_moveit_config/share/panda_moveit_config/config
[0.380s] -- Installing: /home/feng/franka_simulation/src/install/panda_moveit_config/share/panda_moveit_config/config/panda.ros2_control.xacro
[0.381s] -- Installing: /home/feng/franka_simulation/src/install/panda_moveit_config/share/panda_moveit_config/config/panda.urdf.xacro
[0.381s] -- Installing: /home/feng/franka_simulation/src/install/panda_moveit_config/share/panda_moveit_config/config/pilz_cartesian_limits.yaml
[0.381s] -- Installing: /home/feng/franka_simulation/src/install/panda_moveit_config/share/panda_moveit_config/config/joint_limits.yaml
[0.381s] -- Installing: /home/feng/franka_simulation/src/install/panda_moveit_config/share/panda_moveit_config/config/moveit.rviz
[0.381s] -- Installing: /home/feng/franka_simulation/src/install/panda_moveit_config/share/panda_moveit_config/config/initial_positions.yaml
[0.381s] -- Installing: /home/feng/franka_simulation/src/install/panda_moveit_config/share/panda_moveit_config/config/moveit_controllers.yaml
[0.381s] -- Installing: /home/feng/franka_simulation/src/install/panda_moveit_config/share/panda_moveit_config/config/ros2_controllers.yaml
[0.381s] -- Installing: /home/feng/franka_simulation/src/install/panda_moveit_config/share/panda_moveit_config/config/kinematics.yaml
[0.381s] -- Installing: /home/feng/franka_simulation/src/install/panda_moveit_config/share/panda_moveit_config/config/panda.srdf
[0.381s] -- Installing: /home/feng/franka_simulation/src/install/panda_moveit_config/share/panda_moveit_config/.setup_assistant
[0.382s] Invoked command in '/home/feng/franka_simulation/src/build/panda_moveit_config' returned '0': CMAKE_PREFIX_PATH=${CMAKE_PREFIX_PATH}:/opt/ros/humble /usr/bin/cmake --install /home/feng/franka_simulation/src/build/panda_moveit_config
