[0.005s] Invoking command in '/home/feng/franka_simulation/src/build/panda_moveit_config': CMAKE_PREFIX_PATH=/home/feng/franka_simulation/src/install/moveit_resources_panda_description:/home/feng/franka_simulation/src/install/panda_moveit_config:/home/feng/zed_ros/install/zed_ros2:/home/feng/zed_ros/install/zed_wrapper:/home/feng/zed_ros/install/zed_components:/opt/ros/humble /usr/bin/cmake --build /home/feng/franka_simulation/src/build/panda_moveit_config -- -j32 -l32
[0.019s] -- Found ament_cmake: 1.3.12 (/opt/ros/humble/share/ament_cmake/cmake)
[0.126s] -- Configuring done
[0.127s] -- Generating done
[0.128s] -- Build files have been written to: /home/feng/franka_simulation/src/build/panda_moveit_config
[0.139s] Invoked command in '/home/feng/franka_simulation/src/build/panda_moveit_config' returned '0': CMAKE_PREFIX_PATH=/home/feng/franka_simulation/src/install/moveit_resources_panda_description:/home/feng/franka_simulation/src/install/panda_moveit_config:/home/feng/zed_ros/install/zed_ros2:/home/feng/zed_ros/install/zed_wrapper:/home/feng/zed_ros/install/zed_components:/opt/ros/humble /usr/bin/cmake --build /home/feng/franka_simulation/src/build/panda_moveit_config -- -j32 -l32
[0.140s] Invoking command in '/home/feng/franka_simulation/src/build/panda_moveit_config': CMAKE_PREFIX_PATH=/home/feng/franka_simulation/src/install/moveit_resources_panda_description:/home/feng/franka_simulation/src/install/panda_moveit_config:/home/feng/zed_ros/install/zed_ros2:/home/feng/zed_ros/install/zed_wrapper:/home/feng/zed_ros/install/zed_components:/opt/ros/humble /usr/bin/cmake --install /home/feng/franka_simulation/src/build/panda_moveit_config
[0.145s] -- Install configuration: ""
[0.146s] -- Up-to-date: /home/feng/franka_simulation/src/install/panda_moveit_config/share/ament_index/resource_index/package_run_dependencies/panda_moveit_config
[0.146s] -- Installing: /home/feng/franka_simulation/src/install/panda_moveit_config/share/ament_index/resource_index/parent_prefix_path/panda_moveit_config
[0.146s] -- Up-to-date: /home/feng/franka_simulation/src/install/panda_moveit_config/share/panda_moveit_config/environment/ament_prefix_path.sh
[0.146s] -- Installing: /home/feng/franka_simulation/src/install/panda_moveit_config/share/panda_moveit_config/environment/ament_prefix_path.dsv
[0.146s] -- Up-to-date: /home/feng/franka_simulation/src/install/panda_moveit_config/share/panda_moveit_config/environment/path.sh
[0.146s] -- Installing: /home/feng/franka_simulation/src/install/panda_moveit_config/share/panda_moveit_config/environment/path.dsv
[0.146s] -- Up-to-date: /home/feng/franka_simulation/src/install/panda_moveit_config/share/panda_moveit_config/local_setup.bash
[0.146s] -- Up-to-date: /home/feng/franka_simulation/src/install/panda_moveit_config/share/panda_moveit_config/local_setup.sh
[0.146s] -- Up-to-date: /home/feng/franka_simulation/src/install/panda_moveit_config/share/panda_moveit_config/local_setup.zsh
[0.146s] -- Installing: /home/feng/franka_simulation/src/install/panda_moveit_config/share/panda_moveit_config/local_setup.dsv
[0.146s] -- Installing: /home/feng/franka_simulation/src/install/panda_moveit_config/share/panda_moveit_config/package.dsv
[0.146s] -- Up-to-date: /home/feng/franka_simulation/src/install/panda_moveit_config/share/ament_index/resource_index/packages/panda_moveit_config
[0.146s] -- Up-to-date: /home/feng/franka_simulation/src/install/panda_moveit_config/share/panda_moveit_config/cmake/panda_moveit_configConfig.cmake
[0.146s] -- Up-to-date: /home/feng/franka_simulation/src/install/panda_moveit_config/share/panda_moveit_config/cmake/panda_moveit_configConfig-version.cmake
[0.146s] -- Installing: /home/feng/franka_simulation/src/install/panda_moveit_config/share/panda_moveit_config/package.xml
[0.146s] -- Up-to-date: /home/feng/franka_simulation/src/install/panda_moveit_config/share/panda_moveit_config/launch
[0.146s] -- Installing: /home/feng/franka_simulation/src/install/panda_moveit_config/share/panda_moveit_config/launch/static_virtual_joint_tfs.launch.py
[0.146s] -- Installing: /home/feng/franka_simulation/src/install/panda_moveit_config/share/panda_moveit_config/launch/rsp.launch.py
[0.146s] -- Installing: /home/feng/franka_simulation/src/install/panda_moveit_config/share/panda_moveit_config/launch/moveit_rviz.launch.py
[0.146s] -- Installing: /home/feng/franka_simulation/src/install/panda_moveit_config/share/panda_moveit_config/launch/spawn_controllers.launch.py
[0.146s] -- Installing: /home/feng/franka_simulation/src/install/panda_moveit_config/share/panda_moveit_config/launch/setup_assistant.launch.py
[0.146s] -- Installing: /home/feng/franka_simulation/src/install/panda_moveit_config/share/panda_moveit_config/launch/move_group.launch.py
[0.146s] -- Installing: /home/feng/franka_simulation/src/install/panda_moveit_config/share/panda_moveit_config/launch/demo.launch.py
[0.146s] -- Installing: /home/feng/franka_simulation/src/install/panda_moveit_config/share/panda_moveit_config/launch/warehouse_db.launch.py
[0.146s] -- Up-to-date: /home/feng/franka_simulation/src/install/panda_moveit_config/share/panda_moveit_config/config
[0.146s] -- Installing: /home/feng/franka_simulation/src/install/panda_moveit_config/share/panda_moveit_config/config/panda.ros2_control.xacro
[0.146s] -- Installing: /home/feng/franka_simulation/src/install/panda_moveit_config/share/panda_moveit_config/config/panda.urdf.xacro
[0.147s] -- Installing: /home/feng/franka_simulation/src/install/panda_moveit_config/share/panda_moveit_config/config/pilz_cartesian_limits.yaml
[0.147s] -- Installing: /home/feng/franka_simulation/src/install/panda_moveit_config/share/panda_moveit_config/config/joint_limits.yaml
[0.147s] -- Installing: /home/feng/franka_simulation/src/install/panda_moveit_config/share/panda_moveit_config/config/moveit.rviz
[0.147s] -- Installing: /home/feng/franka_simulation/src/install/panda_moveit_config/share/panda_moveit_config/config/initial_positions.yaml
[0.147s] -- Installing: /home/feng/franka_simulation/src/install/panda_moveit_config/share/panda_moveit_config/config/moveit_controllers.yaml
[0.147s] -- Installing: /home/feng/franka_simulation/src/install/panda_moveit_config/share/panda_moveit_config/config/ros2_controllers.yaml
[0.147s] -- Installing: /home/feng/franka_simulation/src/install/panda_moveit_config/share/panda_moveit_config/config/kinematics.yaml
[0.147s] -- Installing: /home/feng/franka_simulation/src/install/panda_moveit_config/share/panda_moveit_config/config/panda.srdf
[0.147s] -- Installing: /home/feng/franka_simulation/src/install/panda_moveit_config/share/panda_moveit_config/.setup_assistant
[0.148s] Invoked command in '/home/feng/franka_simulation/src/build/panda_moveit_config' returned '0': CMAKE_PREFIX_PATH=/home/feng/franka_simulation/src/install/moveit_resources_panda_description:/home/feng/franka_simulation/src/install/panda_moveit_config:/home/feng/zed_ros/install/zed_ros2:/home/feng/zed_ros/install/zed_wrapper:/home/feng/zed_ros/install/zed_components:/opt/ros/humble /usr/bin/cmake --install /home/feng/franka_simulation/src/build/panda_moveit_config
